<?xml version="1.0" encoding="utf-8"?><testsuites name="pytest tests"><testsuite name="pytest" errors="0" failures="0" skipped="0" tests="14" time="0.125" timestamp="2026-07-11T11:09:55.316986+00:00" hostname="0fbc56681057"><testcase classname="tests.test_lineage" name="test_lineage" time="0.088" /><testcase classname="tests.test_lineage" name="test_no_promoted_pairing" time="0.001" /><testcase classname="tests.test_lineage" name="test_baseline_reuse_provenance" time="0.001" /><testcase classname="tests.test_primitive" name="test_word" time="0.001" /><testcase classname="tests.test_primitive" name="test_floor" time="0.001" /><testcase classname="tests.test_primitive" name="test_carry" time="0.001" /><testcase classname="tests.test_primitive" name="test_next_b" time="0.001" /><testcase classname="tests.test_primitive" name="test_oracle" time="0.001" /><testcase classname="tests.test_research" name="test_carrier_case2" time="0.001" /><testcase classname="tests.test_research" name="test_successor_open" time="0.000" /><testcase classname="tests.test_research" name="test_ambient_optional" time="0.000" /><testcase classname="tests.test_research" name="test_bilinear_nondegenerate" time="0.000" /><testcase classname="tests.test_research" name="test_v7e_not_first_birth" time="0.000" /><testcase classname="tests.test_research" name="test_downstream_closed" time="0.000" /></testsuite></testsuites>