<?xml version="1.0" encoding="utf-8"?><testsuites name="pytest tests"><testsuite name="pytest" errors="0" failures="0" skipped="0" tests="18" time="0.148" timestamp="2026-07-11T09:02:15.776398+00:00" hostname="a48b6d4d2f05"><testcase classname="test_primitive" name="test_exact_word_and_floor" time="0.090" /><testcase classname="test_primitive" name="test_three_snapshots" time="0.001" /><testcase classname="test_primitive" name="test_first_l_carry" time="0.001" /><testcase classname="test_primitive" name="test_first_next_domain_b" time="0.001" /><testcase classname="test_primitive" name="test_axis_trace" time="0.001" /><testcase classname="test_primitive" name="test_independent_oracle" time="0.001" /><testcase classname="test_recurrence_boundary" name="test_primary_pairing_hard_stop" time="0.000" /><testcase classname="test_recurrence_boundary" name="test_projection_and_descent_not_run" time="0.000" /><testcase classname="test_recurrence_boundary" name="test_old_o_event_bridge_rejected" time="0.000" /><testcase classname="test_v8s" name="test_baseline_sanity" time="0.002" /><testcase classname="test_v8s" name="test_bilinear_underdetermination" time="0.000" /><testcase classname="test_v8s" name="test_earliest_gap_is_typed_before_pairing" time="0.000" /><testcase classname="test_v8s" name="test_downstream_stays_closed" time="0.000" /><testcase classname="test_v8s" name="test_local_scalar_not_promoted" time="0.000" /><testcase classname="test_v8s" name="test_O_semantics_not_name_rejection" time="0.001" /><testcase classname="test_v8s" name="test_coupling_verdicts" time="0.000" /><testcase classname="test_v8s" name="test_first_L_obligation" time="0.000" /><testcase classname="test_v8s" name="test_lineage_inventory_exists" time="0.001" /></testsuite></testsuites>