<?xml version="1.0" encoding="utf-8"?><testsuites name="pytest tests"><testsuite name="pytest" errors="0" failures="0" skipped="0" tests="7" time="0.154" timestamp="2026-07-11T14:17:06.277247+00:00" hostname="a0f514a3646c"><testcase classname="test_primitive" name="test_exact_word_and_boundary" time="0.114" /><testcase classname="test_primitive" name="test_floor_is_not_symbol" time="0.001" /><testcase classname="test_research" name="test_minimal_interface_and_open_type" time="0.001" /><testcase classname="test_research" name="test_candidate_elimination" time="0.001" /><testcase classname="test_research" name="test_axis_boundary" time="0.001" /><testcase classname="test_research" name="test_lifted_state_schema_only" time="0.001" /><testcase classname="test_sources" name="test_source_rows_anchor" time="0.004" /></testsuite></testsuites>