<?xml version="1.0" encoding="utf-8"?><testsuites name="pytest tests"><testsuite name="pytest" errors="0" failures="0" skipped="0" tests="16" time="1.091" timestamp="2026-07-11T13:46:10.727560+00:00" hostname="a0f514a3646c"><testcase classname="tests.test_package_contract" name="test_required_directories" time="0.081" /><testcase classname="tests.test_package_contract" name="test_no_cache_paths_before_verification" time="0.002" /><testcase classname="tests.test_package_contract" name="test_source_notebook_has_stable_ids" time="0.961" /><testcase classname="tests.test_primitive" name="test_word" time="0.001" /><testcase classname="tests.test_primitive" name="test_floor_is_predicate_not_symbol" time="0.001" /><testcase classname="tests.test_primitive" name="test_boundary_snapshots" time="0.001" /><testcase classname="tests.test_primitive" name="test_q_updates_j_and_k" time="0.001" /><testcase classname="tests.test_primitive" name="test_local_axis_boundary" time="0.001" /><testcase classname="tests.test_primitive" name="test_baseline_full_gate" time="0.001" /><testcase classname="tests.test_research" name="test_pairing_gap_is_first" time="0.000" /><testcase classname="tests.test_research" name="test_successor_is_downstream" time="0.000" /><testcase classname="tests.test_research" name="test_no_pairing_chart_or_transfer_values" time="0.000" /><testcase classname="tests.test_research" name="test_no_projection" time="0.000" /><testcase classname="tests.test_research" name="test_mutations_remain_open" time="0.000" /><testcase classname="tests.test_research" name="test_affine_boundary" time="0.000" /><testcase classname="tests.test_research" name="test_mhd_not_ready" time="0.000" /></testsuite></testsuites>