<?xml version="1.0" encoding="utf-8"?><testsuites name="pytest tests"><testsuite name="pytest" errors="0" failures="0" skipped="0" tests="12" time="0.128" timestamp="2026-07-11T12:14:58.258059+00:00" hostname="37d8572b31dd"><testcase classname="tests.test_primitive" name="test_baseline" time="0.094" /><testcase classname="tests.test_primitive" name="test_word" time="0.001" /><testcase classname="tests.test_primitive" name="test_carry" time="0.001" /><testcase classname="tests.test_primitive" name="test_next_b" time="0.001" /><testcase classname="tests.test_research" name="test_translation_nonuniqueness" time="0.000" /><testcase classname="tests.test_research" name="test_shift_narrow" time="0.000" /><testcase classname="tests.test_research" name="test_seed_open" time="0.000" /><testcase classname="tests.test_research" name="test_pre_l_open" time="0.001" /><testcase classname="tests.test_research" name="test_product_candidate" time="0.000" /><testcase classname="tests.test_research" name="test_v7e_zero_lawful" time="0.000" /><testcase classname="tests.test_research" name="test_spectral_required" time="0.000" /><testcase classname="tests.test_statuses" name="test_downstream_closed" time="0.000" /></testsuite></testsuites>